{"/Users/maxspector/Desktop/Matala1/src/app.ts": {"path":"/Users/maxspector/Desktop/Matala1/src/app.ts","statementMap":{"0":{"start":{"line":1,"column":0},"end":{"line":1,"column":28}},"1":{"start":{"line":2,"column":0},"end":{"line":2,"column":47}},"2":{"start":{"line":3,"column":0},"end":{"line":3,"column":37}},"3":{"start":{"line":4,"column":0},"end":{"line":4,"column":32}},"4":{"start":{"line":5,"column":0},"end":{"line":5,"column":46}},"5":{"start":{"line":6,"column":0},"end":{"line":6,"column":52}},"6":{"start":{"line":7,"column":0},"end":{"line":7,"column":45}},"7":{"start":{"line":8,"column":0},"end":{"line":8,"column":41}},"8":{"start":{"line":9,"column":0},"end":{"line":9,"column":43}},"9":{"start":{"line":10,"column":0},"end":{"line":10,"column":47}},"10":{"start":{"line":12,"column":25},"end":{"line":12,"column":34}},"11":{"start":{"line":14,"column":16},"end":{"line":25,"column":2}},"12":{"start":{"line":27,"column":14},"end":{"line":27,"column":35}},"13":{"start":{"line":28,"column":0},"end":{"line":28,"column":62}},"14":{"start":{"line":31,"column":0},"end":{"line":31,"column":16}},"15":{"start":{"line":33,"column":14},"end":{"line":33,"column":31}},"16":{"start":{"line":35,"column":0},"end":{"line":37,"column":1}},"17":{"start":{"line":36,"column":4},"end":{"line":36,"column":73}},"18":{"start":{"line":41,"column":0},"end":{"line":41,"column":27}},"19":{"start":{"line":42,"column":0},"end":{"line":42,"column":51}},"20":{"start":{"line":43,"column":0},"end":{"line":49,"column":3}},"21":{"start":{"line":44,"column":4},"end":{"line":44,"column":51}},"22":{"start":{"line":45,"column":4},"end":{"line":45,"column":52}},"23":{"start":{"line":46,"column":4},"end":{"line":47,"column":44}},"24":{"start":{"line":48,"column":4},"end":{"line":48,"column":11}},"25":{"start":{"line":50,"column":0},"end":{"line":50,"column":30}},"26":{"start":{"line":51,"column":0},"end":{"line":51,"column":36}},"27":{"start":{"line":52,"column":0},"end":{"line":52,"column":29}},"28":{"start":{"line":53,"column":0},"end":{"line":53,"column":44}},"29":{"start":{"line":54,"column":0},"end":{"line":54,"column":30}},"30":{"start":{"line":56,"column":0},"end":{"line":64,"column":7}},"31":{"start":{"line":59,"column":8},"end":{"line":59,"column":36}},"32":{"start":{"line":62,"column":8},"end":{"line":62,"column":51}},"33":{"start":{"line":63,"column":8},"end":{"line":63,"column":24}},"34":{"start":{"line":66,"column":0},"end":{"line":66,"column":19}}},"fnMap":{"0":{"name":"(anonymous_1)","decl":{"start":{"line":43,"column":8},"end":{"line":43,"column":9}},"loc":{"start":{"line":43,"column":27},"end":{"line":49,"column":1}}},"1":{"name":"(anonymous_2)","decl":{"start":{"line":58,"column":10},"end":{"line":58,"column":13}},"loc":{"start":{"line":58,"column":15},"end":{"line":60,"column":5}}},"2":{"name":"(anonymous_3)","decl":{"start":{"line":61,"column":11},"end":{"line":61,"column":12}},"loc":{"start":{"line":61,"column":19},"end":{"line":64,"column":5}}}},"branchMap":{"0":{"loc":{"start":{"line":35,"column":0},"end":{"line":37,"column":1}},"type":"if","locations":[{"start":{"line":35,"column":0},"end":{"line":37,"column":1}}]}},"s":{"0":1,"1":1,"2":1,"3":1,"4":1,"5":1,"6":1,"7":1,"8":1,"9":1,"10":1,"11":1,"12":1,"13":1,"14":1,"15":1,"16":1,"17":0,"18":1,"19":1,"20":1,"21":17,"22":17,"23":17,"24":17,"25":1,"26":1,"27":1,"28":1,"29":1,"30":1,"31":1,"32":0,"33":0,"34":1},"f":{"0":17,"1":1,"2":0},"b":{"0":[0]}}
,"/Users/maxspector/Desktop/Matala1/src/controllers/auth_controller.ts": {"path":"/Users/maxspector/Desktop/Matala1/src/controllers/auth_controller.ts","statementMap":{"0":{"start":{"line":2,"column":0},"end":{"line":2,"column":41}},"1":{"start":{"line":3,"column":0},"end":{"line":3,"column":28}},"2":{"start":{"line":4,"column":0},"end":{"line":4,"column":31}},"3":{"start":{"line":5,"column":0},"end":{"line":5,"column":28}},"4":{"start":{"line":6,"column":0},"end":{"line":6,"column":16}},"5":{"start":{"line":13,"column":17},"end":{"line":65,"column":2}},"6":{"start":{"line":13,"column":55},"end":{"line":65,"column":2}},"7":{"start":{"line":14,"column":42},"end":{"line":14,"column":50}},"8":{"start":{"line":16,"column":4},"end":{"line":19,"column":5}},"9":{"start":{"line":17,"column":8},"end":{"line":17,"column":58}},"10":{"start":{"line":18,"column":8},"end":{"line":18,"column":15}},"11":{"start":{"line":21,"column":4},"end":{"line":64,"column":5}},"12":{"start":{"line":22,"column":29},"end":{"line":22,"column":59}},"13":{"start":{"line":23,"column":8},"end":{"line":26,"column":9}},"14":{"start":{"line":24,"column":12},"end":{"line":24,"column":61}},"15":{"start":{"line":25,"column":12},"end":{"line":25,"column":19}},"16":{"start":{"line":28,"column":21},"end":{"line":28,"column":45}},"17":{"start":{"line":29,"column":29},"end":{"line":29,"column":62}},"18":{"start":{"line":30,"column":8},"end":{"line":30,"column":52}},"19":{"start":{"line":30,"column":29},"end":{"line":30,"column":52}},"20":{"start":{"line":31,"column":21},"end":{"line":36,"column":10}},"21":{"start":{"line":38,"column":28},"end":{"line":41,"column":null}},"22":{"start":{"line":44,"column":29},"end":{"line":47,"column":null}},"23":{"start":{"line":50,"column":8},"end":{"line":50,"column":44}},"24":{"start":{"line":51,"column":8},"end":{"line":51,"column":26}},"25":{"start":{"line":53,"column":8},"end":{"line":61,"column":11}},"26":{"start":{"line":63,"column":8},"end":{"line":63,"column":34}},"27":{"start":{"line":67,"column":14},"end":{"line":130,"column":2}},"28":{"start":{"line":67,"column":52},"end":{"line":130,"column":2}},"29":{"start":{"line":68,"column":32},"end":{"line":68,"column":40}},"30":{"start":{"line":70,"column":4},"end":{"line":73,"column":5}},"31":{"start":{"line":71,"column":8},"end":{"line":71,"column":58}},"32":{"start":{"line":72,"column":8},"end":{"line":72,"column":15}},"33":{"start":{"line":75,"column":4},"end":{"line":129,"column":5}},"34":{"start":{"line":76,"column":21},"end":{"line":76,"column":51}},"35":{"start":{"line":77,"column":8},"end":{"line":80,"column":9}},"36":{"start":{"line":78,"column":12},"end":{"line":78,"column":51}},"37":{"start":{"line":79,"column":12},"end":{"line":79,"column":19}},"38":{"start":{"line":82,"column":30},"end":{"line":82,"column":75}},"39":{"start":{"line":83,"column":8},"end":{"line":86,"column":9}},"40":{"start":{"line":84,"column":12},"end":{"line":84,"column":62}},"41":{"start":{"line":85,"column":12},"end":{"line":85,"column":19}},"42":{"start":{"line":88,"column":8},"end":{"line":91,"column":9}},"43":{"start":{"line":89,"column":12},"end":{"line":89,"column":57}},"44":{"start":{"line":90,"column":12},"end":{"line":90,"column":19}},"45":{"start":{"line":93,"column":23},"end":{"line":93,"column":65}},"46":{"start":{"line":95,"column":28},"end":{"line":101,"column":null}},"47":{"start":{"line":104,"column":29},"end":{"line":110,"column":null}},"48":{"start":{"line":113,"column":8},"end":{"line":115,"column":9}},"49":{"start":{"line":114,"column":12},"end":{"line":114,"column":36}},"50":{"start":{"line":116,"column":8},"end":{"line":116,"column":46}},"51":{"start":{"line":117,"column":8},"end":{"line":117,"column":26}},"52":{"start":{"line":119,"column":8},"end":{"line":125,"column":11}},"53":{"start":{"line":127,"column":8},"end":{"line":127,"column":46}},"54":{"start":{"line":128,"column":8},"end":{"line":128,"column":34}},"55":{"start":{"line":132,"column":15},"end":{"line":165,"column":2}},"56":{"start":{"line":132,"column":53},"end":{"line":165,"column":2}},"57":{"start":{"line":133,"column":25},"end":{"line":133,"column":46}},"58":{"start":{"line":135,"column":4},"end":{"line":138,"column":5}},"59":{"start":{"line":136,"column":8},"end":{"line":136,"column":54}},"60":{"start":{"line":137,"column":8},"end":{"line":137,"column":15}},"61":{"start":{"line":140,"column":4},"end":{"line":143,"column":5}},"62":{"start":{"line":141,"column":8},"end":{"line":141,"column":53}},"63":{"start":{"line":142,"column":8},"end":{"line":142,"column":15}},"64":{"start":{"line":145,"column":4},"end":{"line":164,"column":5}},"65":{"start":{"line":146,"column":24},"end":{"line":146,"column":94}},"66":{"start":{"line":147,"column":21},"end":{"line":147,"column":62}},"67":{"start":{"line":148,"column":8},"end":{"line":151,"column":9}},"68":{"start":{"line":149,"column":12},"end":{"line":149,"column":51}},"69":{"start":{"line":150,"column":12},"end":{"line":150,"column":19}},"70":{"start":{"line":153,"column":8},"end":{"line":156,"column":9}},"71":{"start":{"line":154,"column":12},"end":{"line":154,"column":58}},"72":{"start":{"line":155,"column":12},"end":{"line":155,"column":19}},"73":{"start":{"line":158,"column":8},"end":{"line":158,"column":90}},"74":{"start":{"line":158,"column":66},"end":{"line":158,"column":88}},"75":{"start":{"line":159,"column":8},"end":{"line":159,"column":26}},"76":{"start":{"line":160,"column":8},"end":{"line":160,"column":56}},"77":{"start":{"line":162,"column":8},"end":{"line":162,"column":51}},"78":{"start":{"line":163,"column":8},"end":{"line":163,"column":54}},"79":{"start":{"line":167,"column":16},"end":{"line":218,"column":2}},"80":{"start":{"line":167,"column":54},"end":{"line":218,"column":2}},"81":{"start":{"line":168,"column":25},"end":{"line":168,"column":46}},"82":{"start":{"line":170,"column":4},"end":{"line":173,"column":5}},"83":{"start":{"line":171,"column":8},"end":{"line":171,"column":54}},"84":{"start":{"line":172,"column":8},"end":{"line":172,"column":15}},"85":{"start":{"line":175,"column":4},"end":{"line":178,"column":5}},"86":{"start":{"line":176,"column":8},"end":{"line":176,"column":53}},"87":{"start":{"line":177,"column":8},"end":{"line":177,"column":15}},"88":{"start":{"line":180,"column":4},"end":{"line":217,"column":5}},"89":{"start":{"line":181,"column":24},"end":{"line":181,"column":94}},"90":{"start":{"line":182,"column":21},"end":{"line":182,"column":62}},"91":{"start":{"line":183,"column":8},"end":{"line":186,"column":9}},"92":{"start":{"line":184,"column":12},"end":{"line":184,"column":51}},"93":{"start":{"line":185,"column":12},"end":{"line":185,"column":19}},"94":{"start":{"line":188,"column":8},"end":{"line":191,"column":9}},"95":{"start":{"line":189,"column":12},"end":{"line":189,"column":58}},"96":{"start":{"line":190,"column":12},"end":{"line":190,"column":19}},"97":{"start":{"line":193,"column":8},"end":{"line":193,"column":90}},"98":{"start":{"line":193,"column":66},"end":{"line":193,"column":88}},"99":{"start":{"line":195,"column":31},"end":{"line":198,"column":null}},"100":{"start":{"line":201,"column":32},"end":{"line":204,"column":null}},"101":{"start":{"line":207,"column":8},"end":{"line":207,"column":49}},"102":{"start":{"line":208,"column":8},"end":{"line":208,"column":26}},"103":{"start":{"line":210,"column":8},"end":{"line":213,"column":11}},"104":{"start":{"line":215,"column":8},"end":{"line":215,"column":57}},"105":{"start":{"line":216,"column":8},"end":{"line":216,"column":65}},"106":{"start":{"line":220,"column":30},"end":{"line":244,"column":1}},"107":{"start":{"line":221,"column":23},"end":{"line":221,"column":51}},"108":{"start":{"line":222,"column":18},"end":{"line":222,"column":56}},"109":{"start":{"line":224,"column":4},"end":{"line":227,"column":5}},"110":{"start":{"line":225,"column":8},"end":{"line":225,"column":57}},"111":{"start":{"line":226,"column":8},"end":{"line":226,"column":15}},"112":{"start":{"line":229,"column":4},"end":{"line":232,"column":5}},"113":{"start":{"line":230,"column":8},"end":{"line":230,"column":89}},"114":{"start":{"line":231,"column":8},"end":{"line":231,"column":15}},"115":{"start":{"line":234,"column":4},"end":{"line":243,"column":7}},"116":{"start":{"line":235,"column":8},"end":{"line":238,"column":9}},"117":{"start":{"line":236,"column":12},"end":{"line":236,"column":61}},"118":{"start":{"line":237,"column":12},"end":{"line":237,"column":19}},"119":{"start":{"line":240,"column":31},"end":{"line":240,"column":58}},"120":{"start":{"line":241,"column":8},"end":{"line":241,"column":46}},"121":{"start":{"line":242,"column":8},"end":{"line":242,"column":15}},"122":{"start":{"line":220,"column":13},"end":{"line":220,"column":30}},"123":{"start":{"line":246,"column":0},"end":{"line":246,"column":52}}},"fnMap":{"0":{"name":"(anonymous_8)","decl":{"start":{"line":13,"column":17},"end":{"line":13,"column":24}},"loc":{"start":{"line":13,"column":55},"end":{"line":65,"column":2}}},"1":{"name":"(anonymous_9)","decl":{"start":{"line":13,"column":55},"end":{"line":13,"column":null}},"loc":{"start":{"line":13,"column":55},"end":{"line":65,"column":1}}},"2":{"name":"(anonymous_10)","decl":{"start":{"line":67,"column":14},"end":{"line":67,"column":21}},"loc":{"start":{"line":67,"column":52},"end":{"line":130,"column":2}}},"3":{"name":"(anonymous_11)","decl":{"start":{"line":67,"column":52},"end":{"line":67,"column":null}},"loc":{"start":{"line":67,"column":52},"end":{"line":130,"column":1}}},"4":{"name":"(anonymous_12)","decl":{"start":{"line":132,"column":15},"end":{"line":132,"column":22}},"loc":{"start":{"line":132,"column":53},"end":{"line":165,"column":2}}},"5":{"name":"(anonymous_13)","decl":{"start":{"line":132,"column":53},"end":{"line":132,"column":null}},"loc":{"start":{"line":132,"column":53},"end":{"line":165,"column":1}}},"6":{"name":"(anonymous_14)","decl":{"start":{"line":158,"column":55},"end":{"line":158,"column":56}},"loc":{"start":{"line":158,"column":66},"end":{"line":158,"column":88}}},"7":{"name":"(anonymous_15)","decl":{"start":{"line":167,"column":16},"end":{"line":167,"column":23}},"loc":{"start":{"line":167,"column":54},"end":{"line":218,"column":2}}},"8":{"name":"(anonymous_16)","decl":{"start":{"line":167,"column":54},"end":{"line":167,"column":null}},"loc":{"start":{"line":167,"column":54},"end":{"line":218,"column":1}}},"9":{"name":"(anonymous_17)","decl":{"start":{"line":193,"column":55},"end":{"line":193,"column":56}},"loc":{"start":{"line":193,"column":66},"end":{"line":193,"column":88}}},"10":{"name":"(anonymous_18)","decl":{"start":{"line":220,"column":30},"end":{"line":220,"column":31}},"loc":{"start":{"line":220,"column":82},"end":{"line":244,"column":1}}},"11":{"name":"(anonymous_19)","decl":{"start":{"line":234,"column":48},"end":{"line":234,"column":49}},"loc":{"start":{"line":234,"column":65},"end":{"line":243,"column":5}}}},"branchMap":{"0":{"loc":{"start":{"line":16,"column":4},"end":{"line":19,"column":5}},"type":"if","locations":[{"start":{"line":16,"column":4},"end":{"line":19,"column":5}}]},"1":{"loc":{"start":{"line":16,"column":8},"end":{"line":16,"column":27}},"type":"binary-expr","locations":[{"start":{"line":16,"column":8},"end":{"line":16,"column":14}},{"start":{"line":16,"column":18},"end":{"line":16,"column":27}}]},"2":{"loc":{"start":{"line":23,"column":8},"end":{"line":26,"column":9}},"type":"if","locations":[{"start":{"line":23,"column":8},"end":{"line":26,"column":9}}]},"3":{"loc":{"start":{"line":30,"column":8},"end":{"line":30,"column":52}},"type":"if","locations":[{"start":{"line":30,"column":8},"end":{"line":30,"column":52}}]},"4":{"loc":{"start":{"line":41,"column":25},"end":{"line":41,"column":61}},"type":"binary-expr","locations":[{"start":{"line":41,"column":25},"end":{"line":41,"column":53}},{"start":{"line":41,"column":57},"end":{"line":41,"column":61}}]},"5":{"loc":{"start":{"line":47,"column":25},"end":{"line":47,"column":69}},"type":"binary-expr","locations":[{"start":{"line":47,"column":25},"end":{"line":47,"column":61}},{"start":{"line":47,"column":65},"end":{"line":47,"column":69}}]},"6":{"loc":{"start":{"line":70,"column":4},"end":{"line":73,"column":5}},"type":"if","locations":[{"start":{"line":70,"column":4},"end":{"line":73,"column":5}}]},"7":{"loc":{"start":{"line":70,"column":8},"end":{"line":70,"column":27}},"type":"binary-expr","locations":[{"start":{"line":70,"column":8},"end":{"line":70,"column":14}},{"start":{"line":70,"column":18},"end":{"line":70,"column":27}}]},"8":{"loc":{"start":{"line":77,"column":8},"end":{"line":80,"column":9}},"type":"if","locations":[{"start":{"line":77,"column":8},"end":{"line":80,"column":9}}]},"9":{"loc":{"start":{"line":83,"column":8},"end":{"line":86,"column":9}},"type":"if","locations":[{"start":{"line":83,"column":8},"end":{"line":86,"column":9}}]},"10":{"loc":{"start":{"line":88,"column":8},"end":{"line":91,"column":9}},"type":"if","locations":[{"start":{"line":88,"column":8},"end":{"line":91,"column":9}}]},"11":{"loc":{"start":{"line":101,"column":25},"end":{"line":101,"column":61}},"type":"binary-expr","locations":[{"start":{"line":101,"column":25},"end":{"line":101,"column":53}},{"start":{"line":101,"column":57},"end":{"line":101,"column":61}}]},"12":{"loc":{"start":{"line":110,"column":25},"end":{"line":110,"column":69}},"type":"binary-expr","locations":[{"start":{"line":110,"column":25},"end":{"line":110,"column":61}},{"start":{"line":110,"column":65},"end":{"line":110,"column":69}}]},"13":{"loc":{"start":{"line":113,"column":8},"end":{"line":115,"column":9}},"type":"if","locations":[{"start":{"line":113,"column":8},"end":{"line":115,"column":9}}]},"14":{"loc":{"start":{"line":135,"column":4},"end":{"line":138,"column":5}},"type":"if","locations":[{"start":{"line":135,"column":4},"end":{"line":138,"column":5}}]},"15":{"loc":{"start":{"line":140,"column":4},"end":{"line":143,"column":5}},"type":"if","locations":[{"start":{"line":140,"column":4},"end":{"line":143,"column":5}}]},"16":{"loc":{"start":{"line":148,"column":8},"end":{"line":151,"column":9}},"type":"if","locations":[{"start":{"line":148,"column":8},"end":{"line":151,"column":9}}]},"17":{"loc":{"start":{"line":153,"column":8},"end":{"line":156,"column":9}},"type":"if","locations":[{"start":{"line":153,"column":8},"end":{"line":156,"column":9}}]},"18":{"loc":{"start":{"line":153,"column":12},"end":{"line":153,"column":77}},"type":"binary-expr","locations":[{"start":{"line":153,"column":12},"end":{"line":153,"column":31}},{"start":{"line":153,"column":35},"end":{"line":153,"column":77}}]},"19":{"loc":{"start":{"line":170,"column":4},"end":{"line":173,"column":5}},"type":"if","locations":[{"start":{"line":170,"column":4},"end":{"line":173,"column":5}}]},"20":{"loc":{"start":{"line":175,"column":4},"end":{"line":178,"column":5}},"type":"if","locations":[{"start":{"line":175,"column":4},"end":{"line":178,"column":5}}]},"21":{"loc":{"start":{"line":183,"column":8},"end":{"line":186,"column":9}},"type":"if","locations":[{"start":{"line":183,"column":8},"end":{"line":186,"column":9}}]},"22":{"loc":{"start":{"line":188,"column":8},"end":{"line":191,"column":9}},"type":"if","locations":[{"start":{"line":188,"column":8},"end":{"line":191,"column":9}}]},"23":{"loc":{"start":{"line":188,"column":12},"end":{"line":188,"column":77}},"type":"binary-expr","locations":[{"start":{"line":188,"column":12},"end":{"line":188,"column":31}},{"start":{"line":188,"column":35},"end":{"line":188,"column":77}}]},"24":{"loc":{"start":{"line":198,"column":25},"end":{"line":198,"column":61}},"type":"binary-expr","locations":[{"start":{"line":198,"column":25},"end":{"line":198,"column":53}},{"start":{"line":198,"column":57},"end":{"line":198,"column":61}}]},"25":{"loc":{"start":{"line":204,"column":25},"end":{"line":204,"column":69}},"type":"binary-expr","locations":[{"start":{"line":204,"column":25},"end":{"line":204,"column":61}},{"start":{"line":204,"column":65},"end":{"line":204,"column":69}}]},"26":{"loc":{"start":{"line":222,"column":18},"end":{"line":222,"column":56}},"type":"binary-expr","locations":[{"start":{"line":222,"column":18},"end":{"line":222,"column":28}},{"start":{"line":222,"column":32},"end":{"line":222,"column":56}}]},"27":{"loc":{"start":{"line":224,"column":4},"end":{"line":227,"column":5}},"type":"if","locations":[{"start":{"line":224,"column":4},"end":{"line":227,"column":5}}]},"28":{"loc":{"start":{"line":229,"column":4},"end":{"line":232,"column":5}},"type":"if","locations":[{"start":{"line":229,"column":4},"end":{"line":232,"column":5}}]},"29":{"loc":{"start":{"line":235,"column":8},"end":{"line":238,"column":9}},"type":"if","locations":[{"start":{"line":235,"column":8},"end":{"line":238,"column":9}}]}},"s":{"0":1,"1":1,"2":1,"3":1,"4":1,"5":1,"6":2,"7":2,"8":2,"9":0,"10":0,"11":2,"12":2,"13":2,"14":1,"15":1,"16":1,"17":1,"18":1,"19":1,"20":1,"21":1,"22":1,"23":1,"24":1,"25":1,"26":0,"27":1,"28":6,"29":6,"30":6,"31":0,"32":0,"33":6,"34":6,"35":6,"36":0,"37":0,"38":6,"39":6,"40":1,"41":1,"42":5,"43":0,"44":0,"45":5,"46":5,"47":5,"48":5,"49":0,"50":5,"51":5,"52":5,"53":0,"54":0,"55":1,"56":1,"57":1,"58":1,"59":0,"60":0,"61":1,"62":0,"63":0,"64":1,"65":1,"66":1,"67":1,"68":0,"69":0,"70":1,"71":0,"72":0,"73":1,"74":4,"75":1,"76":1,"77":0,"78":0,"79":1,"80":5,"81":5,"82":5,"83":0,"84":0,"85":5,"86":0,"87":0,"88":5,"89":5,"90":5,"91":5,"92":0,"93":0,"94":5,"95":2,"96":2,"97":3,"98":11,"99":3,"100":3,"101":3,"102":3,"103":3,"104":0,"105":0,"106":1,"107":3,"108":3,"109":3,"110":1,"111":1,"112":2,"113":0,"114":0,"115":2,"116":2,"117":1,"118":1,"119":1,"120":1,"121":1,"122":1,"123":1},"f":{"0":2,"1":2,"2":6,"3":6,"4":1,"5":1,"6":4,"7":5,"8":5,"9":11,"10":3,"11":2},"b":{"0":[0],"1":[2,2],"2":[1],"3":[1],"4":[1,0],"5":[1,0],"6":[0],"7":[6,6],"8":[0],"9":[1],"10":[0],"11":[5,0],"12":[5,0],"13":[0],"14":[0],"15":[0],"16":[0],"17":[0],"18":[1,1],"19":[0],"20":[0],"21":[0],"22":[2],"23":[5,5],"24":[3,0],"25":[3,0],"26":[3,2],"27":[1],"28":[0],"29":[1]}}
,"/Users/maxspector/Desktop/Matala1/src/controllers/comment.ts": {"path":"/Users/maxspector/Desktop/Matala1/src/controllers/comment.ts","statementMap":{"0":{"start":{"line":2,"column":0},"end":{"line":2,"column":39}},"1":{"start":{"line":5,"column":29},"end":{"line":23,"column":2}},"2":{"start":{"line":5,"column":82},"end":{"line":23,"column":2}},"3":{"start":{"line":6,"column":4},"end":{"line":22,"column":5}},"4":{"start":{"line":7,"column":33},"end":{"line":7,"column":41}},"5":{"start":{"line":8,"column":23},"end":{"line":8,"column":49}},"6":{"start":{"line":11,"column":8},"end":{"line":14,"column":9}},"7":{"start":{"line":12,"column":12},"end":{"line":12,"column":85}},"8":{"start":{"line":13,"column":12},"end":{"line":13,"column":19}},"9":{"start":{"line":16,"column":24},"end":{"line":16,"column":61}},"10":{"start":{"line":17,"column":8},"end":{"line":17,"column":29}},"11":{"start":{"line":18,"column":8},"end":{"line":18,"column":38}},"12":{"start":{"line":20,"column":8},"end":{"line":20,"column":54}},"13":{"start":{"line":21,"column":8},"end":{"line":21,"column":54}},"14":{"start":{"line":5,"column":13},"end":{"line":5,"column":29}},"15":{"start":{"line":27,"column":27},"end":{"line":34,"column":2}},"16":{"start":{"line":27,"column":80},"end":{"line":34,"column":2}},"17":{"start":{"line":28,"column":4},"end":{"line":33,"column":5}},"18":{"start":{"line":29,"column":25},"end":{"line":29,"column":45}},"19":{"start":{"line":30,"column":8},"end":{"line":30,"column":39}},"20":{"start":{"line":32,"column":8},"end":{"line":32,"column":82}},"21":{"start":{"line":27,"column":13},"end":{"line":27,"column":27}},"22":{"start":{"line":36,"column":33},"end":{"line":43,"column":2}},"23":{"start":{"line":36,"column":86},"end":{"line":43,"column":2}},"24":{"start":{"line":37,"column":4},"end":{"line":42,"column":5}},"25":{"start":{"line":38,"column":25},"end":{"line":38,"column":74}},"26":{"start":{"line":39,"column":8},"end":{"line":39,"column":39}},"27":{"start":{"line":41,"column":8},"end":{"line":41,"column":34}},"28":{"start":{"line":36,"column":13},"end":{"line":36,"column":33}},"29":{"start":{"line":45,"column":29},"end":{"line":56,"column":2}},"30":{"start":{"line":45,"column":82},"end":{"line":56,"column":2}},"31":{"start":{"line":46,"column":4},"end":{"line":55,"column":5}},"32":{"start":{"line":47,"column":24},"end":{"line":47,"column":95}},"33":{"start":{"line":48,"column":8},"end":{"line":51,"column":9}},"34":{"start":{"line":49,"column":12},"end":{"line":49,"column":54}},"35":{"start":{"line":50,"column":12},"end":{"line":50,"column":19}},"36":{"start":{"line":52,"column":8},"end":{"line":52,"column":38}},"37":{"start":{"line":54,"column":8},"end":{"line":54,"column":34}},"38":{"start":{"line":45,"column":13},"end":{"line":45,"column":29}},"39":{"start":{"line":58,"column":29},"end":{"line":69,"column":2}},"40":{"start":{"line":58,"column":82},"end":{"line":69,"column":2}},"41":{"start":{"line":59,"column":4},"end":{"line":68,"column":5}},"42":{"start":{"line":60,"column":24},"end":{"line":60,"column":70}},"43":{"start":{"line":61,"column":8},"end":{"line":64,"column":9}},"44":{"start":{"line":62,"column":12},"end":{"line":62,"column":54}},"45":{"start":{"line":63,"column":12},"end":{"line":63,"column":19}},"46":{"start":{"line":65,"column":8},"end":{"line":65,"column":38}},"47":{"start":{"line":67,"column":8},"end":{"line":67,"column":34}},"48":{"start":{"line":58,"column":13},"end":{"line":58,"column":29}}},"fnMap":{"0":{"name":"(anonymous_8)","decl":{"start":{"line":5,"column":29},"end":{"line":5,"column":36}},"loc":{"start":{"line":5,"column":82},"end":{"line":23,"column":2}}},"1":{"name":"(anonymous_9)","decl":{"start":{"line":5,"column":82},"end":{"line":5,"column":null}},"loc":{"start":{"line":5,"column":82},"end":{"line":23,"column":1}}},"2":{"name":"(anonymous_10)","decl":{"start":{"line":27,"column":27},"end":{"line":27,"column":34}},"loc":{"start":{"line":27,"column":80},"end":{"line":34,"column":2}}},"3":{"name":"(anonymous_11)","decl":{"start":{"line":27,"column":80},"end":{"line":27,"column":null}},"loc":{"start":{"line":27,"column":80},"end":{"line":34,"column":1}}},"4":{"name":"(anonymous_12)","decl":{"start":{"line":36,"column":33},"end":{"line":36,"column":40}},"loc":{"start":{"line":36,"column":86},"end":{"line":43,"column":2}}},"5":{"name":"(anonymous_13)","decl":{"start":{"line":36,"column":86},"end":{"line":36,"column":null}},"loc":{"start":{"line":36,"column":86},"end":{"line":43,"column":1}}},"6":{"name":"(anonymous_14)","decl":{"start":{"line":45,"column":29},"end":{"line":45,"column":36}},"loc":{"start":{"line":45,"column":82},"end":{"line":56,"column":2}}},"7":{"name":"(anonymous_15)","decl":{"start":{"line":45,"column":82},"end":{"line":45,"column":null}},"loc":{"start":{"line":45,"column":82},"end":{"line":56,"column":1}}},"8":{"name":"(anonymous_16)","decl":{"start":{"line":58,"column":29},"end":{"line":58,"column":36}},"loc":{"start":{"line":58,"column":82},"end":{"line":69,"column":2}}},"9":{"name":"(anonymous_17)","decl":{"start":{"line":58,"column":82},"end":{"line":58,"column":null}},"loc":{"start":{"line":58,"column":82},"end":{"line":69,"column":1}}}},"branchMap":{"0":{"loc":{"start":{"line":11,"column":8},"end":{"line":14,"column":9}},"type":"if","locations":[{"start":{"line":11,"column":8},"end":{"line":14,"column":9}}]},"1":{"loc":{"start":{"line":11,"column":12},"end":{"line":11,"column":39}},"type":"binary-expr","locations":[{"start":{"line":11,"column":12},"end":{"line":11,"column":19}},{"start":{"line":11,"column":23},"end":{"line":11,"column":28}},{"start":{"line":11,"column":32},"end":{"line":11,"column":39}}]},"2":{"loc":{"start":{"line":48,"column":8},"end":{"line":51,"column":9}},"type":"if","locations":[{"start":{"line":48,"column":8},"end":{"line":51,"column":9}}]},"3":{"loc":{"start":{"line":61,"column":8},"end":{"line":64,"column":9}},"type":"if","locations":[{"start":{"line":61,"column":8},"end":{"line":64,"column":9}}]}},"s":{"0":1,"1":1,"2":0,"3":0,"4":0,"5":0,"6":0,"7":0,"8":0,"9":0,"10":0,"11":0,"12":0,"13":0,"14":1,"15":1,"16":0,"17":0,"18":0,"19":0,"20":0,"21":1,"22":1,"23":0,"24":0,"25":0,"26":0,"27":0,"28":1,"29":1,"30":0,"31":0,"32":0,"33":0,"34":0,"35":0,"36":0,"37":0,"38":1,"39":1,"40":0,"41":0,"42":0,"43":0,"44":0,"45":0,"46":0,"47":0,"48":1},"f":{"0":0,"1":0,"2":0,"3":0,"4":0,"5":0,"6":0,"7":0,"8":0,"9":0},"b":{"0":[0],"1":[0,0,0],"2":[0],"3":[0]}}
,"/Users/maxspector/Desktop/Matala1/src/controllers/post.ts": {"path":"/Users/maxspector/Desktop/Matala1/src/controllers/post.ts","statementMap":{"0":{"start":{"line":2,"column":0},"end":{"line":2,"column":34}},"1":{"start":{"line":4,"column":26},"end":{"line":32,"column":2}},"2":{"start":{"line":4,"column":79},"end":{"line":32,"column":2}},"3":{"start":{"line":5,"column":4},"end":{"line":31,"column":5}},"4":{"start":{"line":6,"column":23},"end":{"line":6,"column":49}},"5":{"start":{"line":8,"column":8},"end":{"line":11,"column":9}},"6":{"start":{"line":9,"column":12},"end":{"line":9,"column":67}},"7":{"start":{"line":10,"column":12},"end":{"line":10,"column":19}},"8":{"start":{"line":13,"column":35},"end":{"line":13,"column":43}},"9":{"start":{"line":15,"column":8},"end":{"line":18,"column":9}},"10":{"start":{"line":16,"column":12},"end":{"line":16,"column":78}},"11":{"start":{"line":17,"column":12},"end":{"line":17,"column":19}},"12":{"start":{"line":20,"column":21},"end":{"line":24,"column":10}},"13":{"start":{"line":26,"column":8},"end":{"line":26,"column":26}},"14":{"start":{"line":27,"column":8},"end":{"line":27,"column":35}},"15":{"start":{"line":29,"column":8},"end":{"line":29,"column":51}},"16":{"start":{"line":30,"column":8},"end":{"line":30,"column":79}},"17":{"start":{"line":4,"column":13},"end":{"line":4,"column":26}},"18":{"start":{"line":34,"column":24},"end":{"line":42,"column":2}},"19":{"start":{"line":34,"column":77},"end":{"line":42,"column":2}},"20":{"start":{"line":35,"column":4},"end":{"line":41,"column":5}},"21":{"start":{"line":36,"column":22},"end":{"line":36,"column":39}},"22":{"start":{"line":37,"column":8},"end":{"line":37,"column":36}},"23":{"start":{"line":39,"column":8},"end":{"line":39,"column":52}},"24":{"start":{"line":40,"column":8},"end":{"line":40,"column":79}},"25":{"start":{"line":34,"column":13},"end":{"line":34,"column":24}},"26":{"start":{"line":44,"column":27},"end":{"line":56,"column":2}},"27":{"start":{"line":44,"column":80},"end":{"line":56,"column":2}},"28":{"start":{"line":45,"column":4},"end":{"line":55,"column":5}},"29":{"start":{"line":46,"column":21},"end":{"line":46,"column":55}},"30":{"start":{"line":47,"column":8},"end":{"line":50,"column":9}},"31":{"start":{"line":48,"column":12},"end":{"line":48,"column":62}},"32":{"start":{"line":49,"column":12},"end":{"line":49,"column":19}},"33":{"start":{"line":51,"column":8},"end":{"line":51,"column":35}},"34":{"start":{"line":53,"column":8},"end":{"line":53,"column":57}},"35":{"start":{"line":54,"column":8},"end":{"line":54,"column":84}},"36":{"start":{"line":44,"column":13},"end":{"line":44,"column":27}},"37":{"start":{"line":58,"column":26},"end":{"line":70,"column":2}},"38":{"start":{"line":58,"column":79},"end":{"line":70,"column":2}},"39":{"start":{"line":59,"column":4},"end":{"line":69,"column":5}},"40":{"start":{"line":60,"column":21},"end":{"line":60,"column":89}},"41":{"start":{"line":61,"column":8},"end":{"line":64,"column":9}},"42":{"start":{"line":62,"column":12},"end":{"line":62,"column":62}},"43":{"start":{"line":63,"column":12},"end":{"line":63,"column":19}},"44":{"start":{"line":65,"column":8},"end":{"line":65,"column":35}},"45":{"start":{"line":67,"column":8},"end":{"line":67,"column":51}},"46":{"start":{"line":68,"column":8},"end":{"line":68,"column":79}},"47":{"start":{"line":58,"column":13},"end":{"line":58,"column":26}},"48":{"start":{"line":72,"column":26},"end":{"line":84,"column":2}},"49":{"start":{"line":72,"column":79},"end":{"line":84,"column":2}},"50":{"start":{"line":73,"column":4},"end":{"line":83,"column":5}},"51":{"start":{"line":74,"column":21},"end":{"line":74,"column":64}},"52":{"start":{"line":75,"column":8},"end":{"line":78,"column":9}},"53":{"start":{"line":76,"column":12},"end":{"line":76,"column":62}},"54":{"start":{"line":77,"column":12},"end":{"line":77,"column":19}},"55":{"start":{"line":79,"column":8},"end":{"line":79,"column":35}},"56":{"start":{"line":81,"column":8},"end":{"line":81,"column":51}},"57":{"start":{"line":82,"column":8},"end":{"line":82,"column":79}},"58":{"start":{"line":72,"column":13},"end":{"line":72,"column":26}},"59":{"start":{"line":86,"column":32},"end":{"line":100,"column":2}},"60":{"start":{"line":86,"column":85},"end":{"line":100,"column":2}},"61":{"start":{"line":87,"column":4},"end":{"line":99,"column":5}},"62":{"start":{"line":88,"column":25},"end":{"line":88,"column":51}},"63":{"start":{"line":89,"column":8},"end":{"line":92,"column":9}},"64":{"start":{"line":90,"column":12},"end":{"line":90,"column":69}},"65":{"start":{"line":91,"column":12},"end":{"line":91,"column":19}},"66":{"start":{"line":94,"column":22},"end":{"line":94,"column":59}},"67":{"start":{"line":95,"column":8},"end":{"line":95,"column":36}},"68":{"start":{"line":97,"column":8},"end":{"line":97,"column":62}},"69":{"start":{"line":98,"column":8},"end":{"line":98,"column":89}},"70":{"start":{"line":86,"column":13},"end":{"line":86,"column":32}}},"fnMap":{"0":{"name":"(anonymous_8)","decl":{"start":{"line":4,"column":26},"end":{"line":4,"column":33}},"loc":{"start":{"line":4,"column":79},"end":{"line":32,"column":2}}},"1":{"name":"(anonymous_9)","decl":{"start":{"line":4,"column":79},"end":{"line":4,"column":null}},"loc":{"start":{"line":4,"column":79},"end":{"line":32,"column":1}}},"2":{"name":"(anonymous_10)","decl":{"start":{"line":34,"column":24},"end":{"line":34,"column":31}},"loc":{"start":{"line":34,"column":77},"end":{"line":42,"column":2}}},"3":{"name":"(anonymous_11)","decl":{"start":{"line":34,"column":77},"end":{"line":34,"column":null}},"loc":{"start":{"line":34,"column":77},"end":{"line":42,"column":1}}},"4":{"name":"(anonymous_12)","decl":{"start":{"line":44,"column":27},"end":{"line":44,"column":34}},"loc":{"start":{"line":44,"column":80},"end":{"line":56,"column":2}}},"5":{"name":"(anonymous_13)","decl":{"start":{"line":44,"column":80},"end":{"line":44,"column":null}},"loc":{"start":{"line":44,"column":80},"end":{"line":56,"column":1}}},"6":{"name":"(anonymous_14)","decl":{"start":{"line":58,"column":26},"end":{"line":58,"column":33}},"loc":{"start":{"line":58,"column":79},"end":{"line":70,"column":2}}},"7":{"name":"(anonymous_15)","decl":{"start":{"line":58,"column":79},"end":{"line":58,"column":null}},"loc":{"start":{"line":58,"column":79},"end":{"line":70,"column":1}}},"8":{"name":"(anonymous_16)","decl":{"start":{"line":72,"column":26},"end":{"line":72,"column":33}},"loc":{"start":{"line":72,"column":79},"end":{"line":84,"column":2}}},"9":{"name":"(anonymous_17)","decl":{"start":{"line":72,"column":79},"end":{"line":72,"column":null}},"loc":{"start":{"line":72,"column":79},"end":{"line":84,"column":1}}},"10":{"name":"(anonymous_18)","decl":{"start":{"line":86,"column":32},"end":{"line":86,"column":39}},"loc":{"start":{"line":86,"column":85},"end":{"line":100,"column":2}}},"11":{"name":"(anonymous_19)","decl":{"start":{"line":86,"column":85},"end":{"line":86,"column":null}},"loc":{"start":{"line":86,"column":85},"end":{"line":100,"column":1}}}},"branchMap":{"0":{"loc":{"start":{"line":8,"column":8},"end":{"line":11,"column":9}},"type":"if","locations":[{"start":{"line":8,"column":8},"end":{"line":11,"column":9}}]},"1":{"loc":{"start":{"line":15,"column":8},"end":{"line":18,"column":9}},"type":"if","locations":[{"start":{"line":15,"column":8},"end":{"line":18,"column":9}}]},"2":{"loc":{"start":{"line":15,"column":12},"end":{"line":15,"column":30}},"type":"binary-expr","locations":[{"start":{"line":15,"column":12},"end":{"line":15,"column":18}},{"start":{"line":15,"column":22},"end":{"line":15,"column":30}}]},"3":{"loc":{"start":{"line":47,"column":8},"end":{"line":50,"column":9}},"type":"if","locations":[{"start":{"line":47,"column":8},"end":{"line":50,"column":9}}]},"4":{"loc":{"start":{"line":61,"column":8},"end":{"line":64,"column":9}},"type":"if","locations":[{"start":{"line":61,"column":8},"end":{"line":64,"column":9}}]},"5":{"loc":{"start":{"line":75,"column":8},"end":{"line":78,"column":9}},"type":"if","locations":[{"start":{"line":75,"column":8},"end":{"line":78,"column":9}}]},"6":{"loc":{"start":{"line":89,"column":8},"end":{"line":92,"column":9}},"type":"if","locations":[{"start":{"line":89,"column":8},"end":{"line":92,"column":9}}]}},"s":{"0":1,"1":1,"2":1,"3":1,"4":1,"5":1,"6":0,"7":0,"8":1,"9":1,"10":0,"11":0,"12":1,"13":1,"14":1,"15":0,"16":0,"17":1,"18":1,"19":0,"20":0,"21":0,"22":0,"23":0,"24":0,"25":1,"26":1,"27":0,"28":0,"29":0,"30":0,"31":0,"32":0,"33":0,"34":0,"35":0,"36":1,"37":1,"38":0,"39":0,"40":0,"41":0,"42":0,"43":0,"44":0,"45":0,"46":0,"47":1,"48":1,"49":0,"50":0,"51":0,"52":0,"53":0,"54":0,"55":0,"56":0,"57":0,"58":1,"59":1,"60":0,"61":0,"62":0,"63":0,"64":0,"65":0,"66":0,"67":0,"68":0,"69":0,"70":1},"f":{"0":1,"1":1,"2":0,"3":0,"4":0,"5":0,"6":0,"7":0,"8":0,"9":0,"10":0,"11":0},"b":{"0":[0],"1":[0],"2":[1,1],"3":[0],"4":[0],"5":[0],"6":[0]}}
,"/Users/maxspector/Desktop/Matala1/src/models/comment.ts": {"path":"/Users/maxspector/Desktop/Matala1/src/models/comment.ts","statementMap":{"0":{"start":{"line":1,"column":0},"end":{"line":1,"column":61}},"1":{"start":{"line":11,"column":40},"end":{"line":17,"column":null}},"2":{"start":{"line":20,"column":33},"end":{"line":20,"column":83}},"3":{"start":{"line":22,"column":0},"end":{"line":22,"column":23}}},"fnMap":{},"branchMap":{},"s":{"0":1,"1":1,"2":1,"3":1},"f":{},"b":{}}
,"/Users/maxspector/Desktop/Matala1/src/models/post.ts": {"path":"/Users/maxspector/Desktop/Matala1/src/models/post.ts","statementMap":{"0":{"start":{"line":1,"column":0},"end":{"line":1,"column":61}},"1":{"start":{"line":11,"column":27},"end":{"line":17,"column":null}},"2":{"start":{"line":20,"column":27},"end":{"line":20,"column":68}},"3":{"start":{"line":22,"column":0},"end":{"line":22,"column":20}}},"fnMap":{},"branchMap":{},"s":{"0":1,"1":1,"2":1,"3":1},"f":{},"b":{}}
,"/Users/maxspector/Desktop/Matala1/src/models/user_model.ts": {"path":"/Users/maxspector/Desktop/Matala1/src/models/user_model.ts","statementMap":{"0":{"start":{"line":1,"column":0},"end":{"line":1,"column":31}},"1":{"start":{"line":2,"column":15},"end":{"line":2,"column":30}},"2":{"start":{"line":3,"column":19},"end":{"line":23,"column":2}},"3":{"start":{"line":24,"column":14},"end":{"line":24,"column":49}},"4":{"start":{"line":25,"column":0},"end":{"line":25,"column":null}}},"fnMap":{},"branchMap":{},"s":{"0":1,"1":1,"2":1,"3":1,"4":1},"f":{},"b":{}}
,"/Users/maxspector/Desktop/Matala1/src/routes/auth_routes.ts": {"path":"/Users/maxspector/Desktop/Matala1/src/routes/auth_routes.ts","statementMap":{"0":{"start":{"line":1,"column":0},"end":{"line":1,"column":30}},"1":{"start":{"line":2,"column":0},"end":{"line":2,"column":60}},"2":{"start":{"line":4,"column":15},"end":{"line":4,"column":31}},"3":{"start":{"line":142,"column":0},"end":{"line":142,"column":50}},"4":{"start":{"line":143,"column":0},"end":{"line":143,"column":44}},"5":{"start":{"line":144,"column":0},"end":{"line":144,"column":46}},"6":{"start":{"line":145,"column":0},"end":{"line":145,"column":48}},"7":{"start":{"line":147,"column":0},"end":{"line":147,"column":22}}},"fnMap":{},"branchMap":{},"s":{"0":1,"1":1,"2":1,"3":1,"4":1,"5":1,"6":1,"7":1},"f":{},"b":{}}
,"/Users/maxspector/Desktop/Matala1/src/routes/comment_routes.ts": {"path":"/Users/maxspector/Desktop/Matala1/src/routes/comment_routes.ts","statementMap":{"0":{"start":{"line":1,"column":0},"end":{"line":1,"column":42}},"1":{"start":{"line":2,"column":0},"end":{"line":2,"column":64}},"2":{"start":{"line":3,"column":0},"end":{"line":3,"column":null}},"3":{"start":{"line":11,"column":23},"end":{"line":11,"column":39}},"4":{"start":{"line":80,"column":0},"end":{"line":80,"column":48}},"5":{"start":{"line":107,"column":0},"end":{"line":107,"column":47}},"6":{"start":{"line":125,"column":0},"end":{"line":125,"column":29}},"7":{"start":{"line":164,"column":0},"end":{"line":164,"column":50}},"8":{"start":{"line":197,"column":0},"end":{"line":197,"column":53}},"9":{"start":{"line":199,"column":0},"end":{"line":199,"column":22}}},"fnMap":{},"branchMap":{},"s":{"0":1,"1":1,"2":1,"3":1,"4":1,"5":1,"6":1,"7":1,"8":1,"9":1},"f":{},"b":{}}
,"/Users/maxspector/Desktop/Matala1/src/routes/file_routes.ts": {"path":"/Users/maxspector/Desktop/Matala1/src/routes/file_routes.ts","statementMap":{"0":{"start":{"line":1,"column":0},"end":{"line":1,"column":43}},"1":{"start":{"line":2,"column":15},"end":{"line":2,"column":31}},"2":{"start":{"line":3,"column":0},"end":{"line":3,"column":28}},"3":{"start":{"line":6,"column":13},"end":{"line":6,"column":64}},"4":{"start":{"line":7,"column":16},"end":{"line":18,"column":2}},"5":{"start":{"line":9,"column":7},"end":{"line":9,"column":null}},"6":{"start":{"line":12,"column":19},"end":{"line":15,"column":21}},"7":{"start":{"line":16,"column":7},"end":{"line":16,"column":null}},"8":{"start":{"line":19,"column":15},"end":{"line":19,"column":43}},"9":{"start":{"line":25,"column":0},"end":{"line":28,"column":3}},"10":{"start":{"line":26,"column":3},"end":{"line":26,"column":null}},"11":{"start":{"line":27,"column":3},"end":{"line":27,"column":69}},"12":{"start":{"line":29,"column":0},"end":{"line":29,"column":16}}},"fnMap":{"0":{"name":"(anonymous_1)","decl":{"start":{"line":8,"column":16},"end":{"line":8,"column":26}},"loc":{"start":{"line":8,"column":39},"end":{"line":10,"column":4}}},"1":{"name":"(anonymous_2)","decl":{"start":{"line":11,"column":13},"end":{"line":11,"column":23}},"loc":{"start":{"line":11,"column":36},"end":{"line":17,"column":4}}},"2":{"name":"(anonymous_3)","decl":{"start":{"line":25,"column":40},"end":{"line":25,"column":50}},"loc":{"start":{"line":25,"column":73},"end":{"line":28,"column":1}}}},"branchMap":{"0":{"loc":{"start":{"line":6,"column":13},"end":{"line":6,"column":64}},"type":"binary-expr","locations":[{"start":{"line":6,"column":13},"end":{"line":6,"column":36}},{"start":{"line":6,"column":40},"end":{"line":6,"column":64}}]},"1":{"loc":{"start":{"line":26,"column":46},"end":{"line":26,"column":60}},"type":"cond-expr","locations":[{"start":{"line":26,"column":54},"end":{"line":26,"column":56}},{"start":{"line":26,"column":54},"end":{"line":26,"column":60}}]},"2":{"loc":{"start":{"line":26,"column":46},"end":{"line":26,"column":56}},"type":"binary-expr","locations":[{"start":{"line":26,"column":46},"end":{"line":26,"column":56}},{"start":{"line":26,"column":54},"end":{"line":26,"column":56}}]},"3":{"loc":{"start":{"line":27,"column":39},"end":{"line":27,"column":53}},"type":"cond-expr","locations":[{"start":{"line":27,"column":47},"end":{"line":27,"column":49}},{"start":{"line":27,"column":47},"end":{"line":27,"column":53}}]},"4":{"loc":{"start":{"line":27,"column":39},"end":{"line":27,"column":49}},"type":"binary-expr","locations":[{"start":{"line":27,"column":39},"end":{"line":27,"column":49}},{"start":{"line":27,"column":47},"end":{"line":27,"column":49}}]}},"s":{"0":1,"1":1,"2":1,"3":1,"4":1,"5":0,"6":0,"7":0,"8":1,"9":1,"10":0,"11":0,"12":1},"f":{"0":0,"1":0,"2":0},"b":{"0":[1,0],"1":[0,0],"2":[0,0],"3":[0,0],"4":[0,0]}}
,"/Users/maxspector/Desktop/Matala1/src/routes/post_routes.ts": {"path":"/Users/maxspector/Desktop/Matala1/src/routes/post_routes.ts","statementMap":{"0":{"start":{"line":1,"column":0},"end":{"line":1,"column":42}},"1":{"start":{"line":2,"column":0},"end":{"line":2,"column":64}},"2":{"start":{"line":3,"column":0},"end":{"line":3,"column":null}},"3":{"start":{"line":12,"column":23},"end":{"line":12,"column":39}},"4":{"start":{"line":83,"column":0},"end":{"line":83,"column":45}},"5":{"start":{"line":101,"column":0},"end":{"line":101,"column":26}},"6":{"start":{"line":128,"column":0},"end":{"line":128,"column":43}},"7":{"start":{"line":153,"column":0},"end":{"line":153,"column":32}},"8":{"start":{"line":195,"column":0},"end":{"line":195,"column":47}},"9":{"start":{"line":228,"column":0},"end":{"line":228,"column":50}},"10":{"start":{"line":230,"column":0},"end":{"line":230,"column":22}}},"fnMap":{},"branchMap":{},"s":{"0":1,"1":1,"2":1,"3":1,"4":1,"5":1,"6":1,"7":1,"8":1,"9":1,"10":1},"f":{},"b":{}}
}
