TN:
SF:src/app.ts
FN:43,(anonymous_1)
FN:58,(anonymous_2)
FN:61,(anonymous_3)
FNF:3
FNH:2
FNDA:17,(anonymous_1)
FNDA:1,(anonymous_2)
FNDA:0,(anonymous_3)
DA:1,1
DA:2,1
DA:3,1
DA:4,1
DA:5,1
DA:6,1
DA:7,1
DA:8,1
DA:9,1
DA:10,1
DA:12,1
DA:14,1
DA:27,1
DA:28,1
DA:31,1
DA:33,1
DA:35,1
DA:36,0
DA:41,1
DA:42,1
DA:43,1
DA:44,17
DA:45,17
DA:46,17
DA:48,17
DA:50,1
DA:51,1
DA:52,1
DA:53,1
DA:54,1
DA:56,1
DA:59,1
DA:62,0
DA:63,0
DA:66,1
LF:35
LH:32
BRDA:35,0,0,0
BRF:1
BRH:0
end_of_record
TN:
SF:src/controllers/auth_controller.ts
FN:13,(anonymous_8)
FN:13,(anonymous_9)
FN:66,(anonymous_10)
FN:66,(anonymous_11)
FN:131,(anonymous_12)
FN:131,(anonymous_13)
FN:157,(anonymous_14)
FN:166,(anonymous_15)
FN:166,(anonymous_16)
FN:192,(anonymous_17)
FN:219,(anonymous_18)
FN:233,(anonymous_19)
FNF:12
FNH:12
FNDA:2,(anonymous_8)
FNDA:2,(anonymous_9)
FNDA:6,(anonymous_10)
FNDA:6,(anonymous_11)
FNDA:1,(anonymous_12)
FNDA:1,(anonymous_13)
FNDA:4,(anonymous_14)
FNDA:5,(anonymous_15)
FNDA:5,(anonymous_16)
FNDA:13,(anonymous_17)
FNDA:3,(anonymous_18)
FNDA:2,(anonymous_19)
DA:2,1
DA:3,1
DA:4,1
DA:5,1
DA:6,1
DA:13,2
DA:14,2
DA:16,2
DA:17,0
DA:18,0
DA:21,2
DA:22,2
DA:23,2
DA:24,1
DA:25,1
DA:28,1
DA:29,1
DA:31,1
DA:37,1
DA:43,1
DA:49,1
DA:50,1
DA:52,1
DA:62,0
DA:66,6
DA:67,6
DA:69,6
DA:70,0
DA:71,0
DA:74,6
DA:75,6
DA:76,6
DA:77,0
DA:78,0
DA:81,6
DA:82,6
DA:83,1
DA:84,1
DA:87,5
DA:88,0
DA:89,0
DA:92,5
DA:94,5
DA:103,5
DA:112,5
DA:113,0
DA:115,5
DA:116,5
DA:118,5
DA:126,0
DA:127,0
DA:131,1
DA:132,1
DA:134,1
DA:135,0
DA:136,0
DA:139,1
DA:140,0
DA:141,0
DA:144,1
DA:145,1
DA:146,1
DA:147,1
DA:148,0
DA:149,0
DA:152,1
DA:153,0
DA:154,0
DA:157,4
DA:158,1
DA:159,1
DA:161,0
DA:162,0
DA:166,5
DA:167,5
DA:169,5
DA:170,0
DA:171,0
DA:174,5
DA:175,0
DA:176,0
DA:179,5
DA:180,5
DA:181,5
DA:182,5
DA:183,0
DA:184,0
DA:187,5
DA:188,2
DA:189,2
DA:192,13
DA:194,3
DA:200,3
DA:206,3
DA:207,3
DA:209,3
DA:214,0
DA:215,0
DA:219,1
DA:220,3
DA:221,3
DA:223,3
DA:224,1
DA:225,1
DA:228,2
DA:229,0
DA:230,0
DA:233,2
DA:234,2
DA:235,1
DA:236,1
DA:239,1
DA:240,1
DA:241,1
DA:245,1
LF:115
LH:83
BRDA:16,0,0,0
BRDA:16,1,0,2
BRDA:16,1,1,2
BRDA:23,2,0,1
BRDA:40,3,0,1
BRDA:40,3,1,0
BRDA:46,4,0,1
BRDA:46,4,1,0
BRDA:69,5,0,0
BRDA:69,6,0,6
BRDA:69,6,1,6
BRDA:76,7,0,0
BRDA:82,8,0,1
BRDA:87,9,0,0
BRDA:100,10,0,5
BRDA:100,10,1,0
BRDA:109,11,0,5
BRDA:109,11,1,0
BRDA:112,12,0,0
BRDA:134,13,0,0
BRDA:139,14,0,0
BRDA:147,15,0,0
BRDA:152,16,0,0
BRDA:152,17,0,1
BRDA:152,17,1,1
BRDA:169,18,0,0
BRDA:174,19,0,0
BRDA:182,20,0,0
BRDA:187,21,0,2
BRDA:187,22,0,5
BRDA:187,22,1,5
BRDA:197,23,0,3
BRDA:197,23,1,0
BRDA:203,24,0,3
BRDA:203,24,1,0
BRDA:221,25,0,3
BRDA:221,25,1,2
BRDA:223,26,0,1
BRDA:228,27,0,0
BRDA:234,28,0,1
BRF:40
BRH:21
end_of_record
TN:
SF:src/controllers/comment.ts
FN:5,(anonymous_8)
FN:5,(anonymous_9)
FN:27,(anonymous_10)
FN:27,(anonymous_11)
FN:36,(anonymous_12)
FN:36,(anonymous_13)
FN:45,(anonymous_14)
FN:45,(anonymous_15)
FN:58,(anonymous_16)
FN:58,(anonymous_17)
FNF:10
FNH:0
FNDA:0,(anonymous_8)
FNDA:0,(anonymous_9)
FNDA:0,(anonymous_10)
FNDA:0,(anonymous_11)
FNDA:0,(anonymous_12)
FNDA:0,(anonymous_13)
FNDA:0,(anonymous_14)
FNDA:0,(anonymous_15)
FNDA:0,(anonymous_16)
FNDA:0,(anonymous_17)
DA:2,1
DA:5,1
DA:6,0
DA:7,0
DA:8,0
DA:11,0
DA:12,0
DA:13,0
DA:16,0
DA:17,0
DA:18,0
DA:20,0
DA:21,0
DA:27,1
DA:28,0
DA:29,0
DA:30,0
DA:32,0
DA:36,1
DA:37,0
DA:38,0
DA:39,0
DA:41,0
DA:45,1
DA:46,0
DA:47,0
DA:48,0
DA:49,0
DA:50,0
DA:52,0
DA:54,0
DA:58,1
DA:59,0
DA:60,0
DA:61,0
DA:62,0
DA:63,0
DA:65,0
DA:67,0
LF:39
LH:6
BRDA:11,0,0,0
BRDA:11,1,0,0
BRDA:11,1,1,0
BRDA:11,1,2,0
BRDA:48,2,0,0
BRDA:61,3,0,0
BRF:6
BRH:0
end_of_record
TN:
SF:src/controllers/post.ts
FN:4,(anonymous_8)
FN:4,(anonymous_9)
FN:34,(anonymous_10)
FN:34,(anonymous_11)
FN:44,(anonymous_12)
FN:44,(anonymous_13)
FN:58,(anonymous_14)
FN:58,(anonymous_15)
FN:72,(anonymous_16)
FN:72,(anonymous_17)
FN:86,(anonymous_18)
FN:86,(anonymous_19)
FNF:12
FNH:2
FNDA:1,(anonymous_8)
FNDA:1,(anonymous_9)
FNDA:0,(anonymous_10)
FNDA:0,(anonymous_11)
FNDA:0,(anonymous_12)
FNDA:0,(anonymous_13)
FNDA:0,(anonymous_14)
FNDA:0,(anonymous_15)
FNDA:0,(anonymous_16)
FNDA:0,(anonymous_17)
FNDA:0,(anonymous_18)
FNDA:0,(anonymous_19)
DA:2,1
DA:4,1
DA:5,1
DA:6,1
DA:8,1
DA:9,0
DA:10,0
DA:13,1
DA:15,1
DA:16,0
DA:17,0
DA:20,1
DA:26,1
DA:27,1
DA:29,0
DA:30,0
DA:34,1
DA:35,0
DA:36,0
DA:37,0
DA:39,0
DA:40,0
DA:44,1
DA:45,0
DA:46,0
DA:47,0
DA:48,0
DA:49,0
DA:51,0
DA:53,0
DA:54,0
DA:58,1
DA:59,0
DA:60,0
DA:61,0
DA:62,0
DA:63,0
DA:65,0
DA:67,0
DA:68,0
DA:72,1
DA:73,0
DA:74,0
DA:75,0
DA:76,0
DA:77,0
DA:79,0
DA:81,0
DA:82,0
DA:86,1
DA:87,0
DA:88,0
DA:89,0
DA:90,0
DA:91,0
DA:94,0
DA:95,0
DA:97,0
DA:98,0
LF:59
LH:15
BRDA:8,0,0,0
BRDA:15,1,0,0
BRDA:15,2,0,1
BRDA:15,2,1,1
BRDA:47,3,0,0
BRDA:61,4,0,0
BRDA:75,5,0,0
BRDA:89,6,0,0
BRF:8
BRH:2
end_of_record
TN:
SF:src/models/comment.ts
FNF:0
FNH:0
DA:1,1
DA:11,1
DA:20,1
DA:22,1
LF:4
LH:4
BRF:0
BRH:0
end_of_record
TN:
SF:src/models/post.ts
FNF:0
FNH:0
DA:1,1
DA:11,1
DA:20,1
DA:22,1
LF:4
LH:4
BRF:0
BRH:0
end_of_record
TN:
SF:src/models/user_model.ts
FNF:0
FNH:0
DA:1,1
DA:2,1
DA:3,1
DA:20,1
DA:21,1
LF:5
LH:5
BRF:0
BRH:0
end_of_record
TN:
SF:src/routes/auth_routes.ts
FNF:0
FNH:0
DA:1,1
DA:2,1
DA:4,1
DA:142,1
DA:143,1
DA:144,1
DA:145,1
DA:147,1
LF:8
LH:8
BRF:0
BRH:0
end_of_record
TN:
SF:src/routes/comment_routes.ts
FNF:0
FNH:0
DA:1,1
DA:2,1
DA:3,1
DA:11,1
DA:80,1
DA:107,1
DA:125,1
DA:164,1
DA:197,1
DA:199,1
LF:10
LH:10
BRF:0
BRH:0
end_of_record
TN:
SF:src/routes/file_routes.ts
FN:8,(anonymous_1)
FN:11,(anonymous_2)
FN:25,(anonymous_3)
FNF:3
FNH:0
FNDA:0,(anonymous_1)
FNDA:0,(anonymous_2)
FNDA:0,(anonymous_3)
DA:1,1
DA:2,1
DA:3,1
DA:6,1
DA:7,1
DA:9,0
DA:12,0
DA:16,0
DA:19,1
DA:25,1
DA:26,0
DA:27,0
DA:29,1
LF:13
LH:8
BRDA:6,0,0,1
BRDA:6,0,1,0
BRDA:26,1,0,0
BRDA:26,1,1,0
BRDA:26,2,0,0
BRDA:26,2,1,0
BRDA:27,3,0,0
BRDA:27,3,1,0
BRDA:27,4,0,0
BRDA:27,4,1,0
BRF:10
BRH:1
end_of_record
TN:
SF:src/routes/post_routes.ts
FNF:0
FNH:0
DA:1,1
DA:2,1
DA:3,1
DA:12,1
DA:83,1
DA:101,1
DA:128,1
DA:153,1
DA:195,1
DA:228,1
DA:230,1
LF:11
LH:11
BRF:0
BRH:0
end_of_record
