TN:
SF:src/app.ts
FN:48,(anonymous_1)
FN:51,(anonymous_2)
FNF:2
FNH:1
FNDA:2,(anonymous_1)
FNDA:0,(anonymous_2)
DA:1,2
DA:2,2
DA:3,2
DA:4,2
DA:5,2
DA:6,2
DA:7,2
DA:8,2
DA:9,2
DA:11,2
DA:13,2
DA:26,2
DA:27,2
DA:30,2
DA:32,2
DA:34,2
DA:35,0
DA:40,2
DA:41,2
DA:42,2
DA:43,2
DA:44,2
DA:46,2
DA:49,2
DA:52,0
DA:53,0
DA:56,2
LF:27
LH:24
BRDA:34,0,0,0
BRF:1
BRH:0
end_of_record
TN:
SF:src/controllers/auth_controller.ts
FN:13,(anonymous_8)
FN:13,(anonymous_9)
FN:66,(anonymous_10)
FN:66,(anonymous_11)
FN:131,(anonymous_12)
FN:131,(anonymous_13)
FN:157,(anonymous_14)
FN:166,(anonymous_15)
FN:166,(anonymous_16)
FN:192,(anonymous_17)
FN:219,(anonymous_18)
FN:233,(anonymous_19)
FNF:12
FNH:12
FNDA:3,(anonymous_8)
FNDA:3,(anonymous_9)
FNDA:7,(anonymous_10)
FNDA:7,(anonymous_11)
FNDA:1,(anonymous_12)
FNDA:1,(anonymous_13)
FNDA:4,(anonymous_14)
FNDA:5,(anonymous_15)
FNDA:5,(anonymous_16)
FNDA:11,(anonymous_17)
FNDA:11,(anonymous_18)
FNDA:10,(anonymous_19)
DA:2,2
DA:3,2
DA:4,2
DA:5,2
DA:6,2
DA:13,3
DA:14,3
DA:16,3
DA:17,0
DA:18,0
DA:21,3
DA:22,3
DA:23,3
DA:24,1
DA:25,1
DA:28,2
DA:29,2
DA:31,2
DA:37,2
DA:43,2
DA:49,2
DA:50,2
DA:52,2
DA:62,0
DA:66,7
DA:67,7
DA:69,7
DA:70,0
DA:71,0
DA:74,7
DA:75,7
DA:76,7
DA:77,0
DA:78,0
DA:81,7
DA:82,7
DA:83,1
DA:84,1
DA:87,6
DA:88,0
DA:89,0
DA:92,6
DA:94,6
DA:103,6
DA:112,6
DA:113,0
DA:115,6
DA:116,6
DA:118,6
DA:126,0
DA:127,0
DA:131,2
DA:132,1
DA:134,1
DA:135,0
DA:136,0
DA:139,1
DA:140,0
DA:141,0
DA:144,1
DA:145,1
DA:146,1
DA:147,1
DA:148,0
DA:149,0
DA:152,1
DA:153,0
DA:154,0
DA:157,4
DA:158,1
DA:159,1
DA:161,0
DA:162,0
DA:166,5
DA:167,5
DA:169,5
DA:170,0
DA:171,0
DA:174,5
DA:175,0
DA:176,0
DA:179,5
DA:180,5
DA:181,5
DA:182,5
DA:183,0
DA:184,0
DA:187,5
DA:188,2
DA:189,2
DA:192,11
DA:194,3
DA:200,3
DA:206,3
DA:207,3
DA:209,3
DA:214,0
DA:215,0
DA:219,2
DA:220,11
DA:221,11
DA:223,11
DA:224,1
DA:225,1
DA:228,10
DA:229,0
DA:230,0
DA:233,10
DA:234,10
DA:235,1
DA:236,1
DA:239,9
DA:240,9
DA:241,9
DA:245,2
LF:115
LH:83
BRDA:16,0,0,0
BRDA:16,1,0,3
BRDA:16,1,1,3
BRDA:23,2,0,1
BRDA:40,3,0,2
BRDA:40,3,1,0
BRDA:46,4,0,2
BRDA:46,4,1,0
BRDA:69,5,0,0
BRDA:69,6,0,7
BRDA:69,6,1,7
BRDA:76,7,0,0
BRDA:82,8,0,1
BRDA:87,9,0,0
BRDA:100,10,0,6
BRDA:100,10,1,0
BRDA:109,11,0,6
BRDA:109,11,1,0
BRDA:112,12,0,0
BRDA:134,13,0,0
BRDA:139,14,0,0
BRDA:147,15,0,0
BRDA:152,16,0,0
BRDA:152,17,0,1
BRDA:152,17,1,1
BRDA:169,18,0,0
BRDA:174,19,0,0
BRDA:182,20,0,0
BRDA:187,21,0,2
BRDA:187,22,0,5
BRDA:187,22,1,5
BRDA:197,23,0,3
BRDA:197,23,1,0
BRDA:203,24,0,3
BRDA:203,24,1,0
BRDA:221,25,0,11
BRDA:221,25,1,10
BRDA:223,26,0,1
BRDA:228,27,0,0
BRDA:234,28,0,1
BRF:40
BRH:21
end_of_record
TN:
SF:src/controllers/comment.ts
FN:5,(anonymous_8)
FN:5,(anonymous_9)
FN:27,(anonymous_10)
FN:27,(anonymous_11)
FN:36,(anonymous_12)
FN:36,(anonymous_13)
FN:45,(anonymous_14)
FN:45,(anonymous_15)
FN:58,(anonymous_16)
FN:58,(anonymous_17)
FNF:10
FNH:8
FNDA:2,(anonymous_8)
FNDA:2,(anonymous_9)
FNDA:1,(anonymous_10)
FNDA:1,(anonymous_11)
FNDA:0,(anonymous_12)
FNDA:0,(anonymous_13)
FNDA:1,(anonymous_14)
FNDA:1,(anonymous_15)
FNDA:1,(anonymous_16)
FNDA:1,(anonymous_17)
DA:2,2
DA:5,2
DA:6,2
DA:7,2
DA:8,2
DA:11,2
DA:12,0
DA:13,0
DA:16,2
DA:17,2
DA:18,2
DA:20,0
DA:21,0
DA:27,2
DA:28,1
DA:29,1
DA:30,1
DA:32,0
DA:36,2
DA:37,0
DA:38,0
DA:39,0
DA:41,0
DA:45,2
DA:46,1
DA:47,1
DA:48,1
DA:49,0
DA:50,0
DA:52,1
DA:54,0
DA:58,2
DA:59,1
DA:60,1
DA:61,1
DA:62,0
DA:63,0
DA:65,1
DA:67,0
LF:39
LH:24
BRDA:11,0,0,0
BRDA:11,1,0,2
BRDA:11,1,1,2
BRDA:11,1,2,2
BRDA:48,2,0,0
BRDA:61,3,0,0
BRF:6
BRH:3
end_of_record
TN:
SF:src/controllers/post.ts
FN:4,(anonymous_8)
FN:4,(anonymous_9)
FN:34,(anonymous_10)
FN:34,(anonymous_11)
FN:44,(anonymous_12)
FN:44,(anonymous_13)
FN:58,(anonymous_14)
FN:58,(anonymous_15)
FN:72,(anonymous_16)
FN:72,(anonymous_17)
FN:86,(anonymous_18)
FN:86,(anonymous_19)
FNF:12
FNH:10
FNDA:3,(anonymous_8)
FNDA:3,(anonymous_9)
FNDA:1,(anonymous_10)
FNDA:1,(anonymous_11)
FNDA:1,(anonymous_12)
FNDA:1,(anonymous_13)
FNDA:1,(anonymous_14)
FNDA:1,(anonymous_15)
FNDA:1,(anonymous_16)
FNDA:1,(anonymous_17)
FNDA:0,(anonymous_18)
FNDA:0,(anonymous_19)
DA:2,2
DA:4,3
DA:5,3
DA:6,3
DA:8,3
DA:9,0
DA:10,0
DA:13,3
DA:15,3
DA:16,0
DA:17,0
DA:20,3
DA:26,3
DA:27,3
DA:29,0
DA:30,0
DA:34,2
DA:35,1
DA:36,1
DA:37,1
DA:39,0
DA:40,0
DA:44,2
DA:45,1
DA:46,1
DA:47,1
DA:48,0
DA:49,0
DA:51,1
DA:53,0
DA:54,0
DA:58,2
DA:59,1
DA:60,1
DA:61,1
DA:62,0
DA:63,0
DA:65,1
DA:67,0
DA:68,0
DA:72,2
DA:73,1
DA:74,1
DA:75,1
DA:76,0
DA:77,0
DA:79,1
DA:81,0
DA:82,0
DA:86,2
DA:87,0
DA:88,0
DA:89,0
DA:90,0
DA:91,0
DA:94,0
DA:95,0
DA:97,0
DA:98,0
LF:59
LH:30
BRDA:8,0,0,0
BRDA:15,1,0,0
BRDA:15,2,0,3
BRDA:15,2,1,3
BRDA:47,3,0,0
BRDA:61,4,0,0
BRDA:75,5,0,0
BRDA:89,6,0,0
BRF:8
BRH:2
end_of_record
TN:
SF:src/models/comment.ts
FNF:0
FNH:0
DA:1,2
DA:11,2
DA:20,2
DA:22,2
LF:4
LH:4
BRF:0
BRH:0
end_of_record
TN:
SF:src/models/post.ts
FNF:0
FNH:0
DA:1,2
DA:11,2
DA:20,2
DA:22,2
LF:4
LH:4
BRF:0
BRH:0
end_of_record
TN:
SF:src/models/user_model.ts
FNF:0
FNH:0
DA:1,2
DA:2,2
DA:3,2
DA:20,2
DA:21,2
LF:5
LH:5
BRF:0
BRH:0
end_of_record
TN:
SF:src/routes/auth_routes.ts
FNF:0
FNH:0
DA:1,2
DA:2,2
DA:4,2
DA:142,2
DA:143,2
DA:144,2
DA:145,2
DA:147,2
LF:8
LH:8
BRF:0
BRH:0
end_of_record
TN:
SF:src/routes/comment_routes.ts
FNF:0
FNH:0
DA:1,2
DA:2,2
DA:3,2
DA:11,2
DA:80,2
DA:107,2
DA:125,2
DA:164,2
DA:197,2
DA:199,2
LF:10
LH:10
BRF:0
BRH:0
end_of_record
TN:
SF:src/routes/post_routes.ts
FNF:0
FNH:0
DA:1,2
DA:2,2
DA:3,2
DA:12,2
DA:83,2
DA:101,2
DA:128,2
DA:153,2
DA:195,2
DA:228,2
DA:230,2
LF:11
LH:11
BRF:0
BRH:0
end_of_record
